Fatma-pfe/frontend-Mobile/frontend-admin-master/build/app/intermediates/manifest_merge_blame_file/debug/processDebugMainManifest/manifest-merger-blame-debug-report.txt
1<?xml version="1.0" encoding="utf-8"?>
2<manifest xmlns:android="http://schemas.android.com/apk/res/android"
3    package="com.example.pfe"
4    android:versionCode="1"
5    android:versionName="1.0.0" >
6
7    <uses-sdk
8        android:minSdkVersion="21"
9        android:targetSdkVersion="35" />
10    <!--
11         The INTERNET permission is required for development. Specifically,
12         the Flutter tool needs it to communicate with the running application
13         to allow setting breakpoints, to provide hot reload, etc.
14    -->
15    <uses-permission android:name="android.permission.INTERNET" />
15-->src\debug\AndroidManifest.xml:6:5-66
15-->src\debug\AndroidManifest.xml:6:22-64
16    <uses-permission android:name="android.permission.CAMERA" />
16-->src\main\AndroidManifest.xml:7:1-61
16-->src\main\AndroidManifest.xml:7:18-58
17    <uses-permission android:name="android.permission.ACCESS_FINE_LOCATION" />
17-->src\main\AndroidManifest.xml:2:1-74
17-->src\main\AndroidManifest.xml:2:18-72
18    <uses-permission android:name="android.permission.ACCESS_COARSE_LOCATION" />
18-->src\main\AndroidManifest.xml:3:1-76
18-->src\main\AndroidManifest.xml:3:18-74
19    <uses-permission android:name="android.permission.READ_EXTERNAL_STORAGE" />
19-->src\main\AndroidManifest.xml:4:1-76
19-->src\main\AndroidManifest.xml:4:18-73
20    <uses-permission android:name="android.permission.WRITE_EXTERNAL_STORAGE" />
20-->src\main\AndroidManifest.xml:5:3-79
20-->src\main\AndroidManifest.xml:5:20-76
21    <!--
22 Required to query activities that can process text, see:
23         https://developer.android.com/training/package-visibility and
24         https://developer.android.com/reference/android/content/Intent#ACTION_PROCESS_TEXT.
25
26         In particular, this is used by the Flutter engine in io.flutter.plugin.text.ProcessTextPlugin.
27    -->
28    <queries>
28-->src\main\AndroidManifest.xml:55:5-60:15
29        <intent>
29-->src\main\AndroidManifest.xml:56:9-59:18
30            <action android:name="android.intent.action.PROCESS_TEXT" />
30-->src\main\AndroidManifest.xml:57:13-72
30-->src\main\AndroidManifest.xml:57:21-70
31
32            <data android:mimeType="text/plain" />
32-->src\main\AndroidManifest.xml:58:13-50
32-->src\main\AndroidManifest.xml:58:19-48
33        </intent>
34        <!-- Needs to be explicitly declared on Android R+ -->
35        <package android:name="com.google.android.apps.maps" />
35-->[com.google.android.gms:play-services-maps:18.2.0] AndroidManifest.xml:33:9-64
35-->[com.google.android.gms:play-services-maps:18.2.0] AndroidManifest.xml:33:18-61
36    </queries>
37
38    <uses-feature
38-->[:mobile_scanner] AndroidManifest.xml:9:5-11:36
39        android:name="android.hardware.camera"
39-->[:mobile_scanner] AndroidManifest.xml:10:9-47
40        android:required="false" /> <!-- Include required permissions for Google Maps API to run. -->
40-->[:mobile_scanner] AndroidManifest.xml:11:9-33
41    <uses-permission android:name="android.permission.ACCESS_NETWORK_STATE" />
41-->[com.google.android.gms:play-services-maps:18.2.0] AndroidManifest.xml:23:5-79
41-->[com.google.android.gms:play-services-maps:18.2.0] AndroidManifest.xml:23:22-76
42
43    <uses-feature
43-->[com.google.android.gms:play-services-maps:18.2.0] AndroidManifest.xml:26:5-28:35
44        android:glEsVersion="0x00020000"
44-->[com.google.android.gms:play-services-maps:18.2.0] AndroidManifest.xml:27:9-41
45        android:required="true" />
45-->[com.google.android.gms:play-services-maps:18.2.0] AndroidManifest.xml:28:9-32
46
47    <permission
47-->[androidx.core:core:1.16.0] AndroidManifest.xml:22:5-24:47
48        android:name="com.example.pfe.DYNAMIC_RECEIVER_NOT_EXPORTED_PERMISSION"
48-->[androidx.core:core:1.16.0] AndroidManifest.xml:23:9-81
49        android:protectionLevel="signature" />
49-->[androidx.core:core:1.16.0] AndroidManifest.xml:24:9-44
50
51    <uses-permission android:name="com.example.pfe.DYNAMIC_RECEIVER_NOT_EXPORTED_PERMISSION" /> <!-- Permission pour lire/écrire dans le stockage (optionnel mais utile si tu veux sauvegarder des images plus tard) -->
51-->[androidx.core:core:1.16.0] AndroidManifest.xml:26:5-97
51-->[androidx.core:core:1.16.0] AndroidManifest.xml:26:22-94
52    <application
53        android:name="android.app.Application"
54        android:appComponentFactory="androidx.core.app.CoreComponentFactory"
54-->[androidx.core:core:1.16.0] AndroidManifest.xml:28:18-86
55        android:debuggable="true"
56        android:extractNativeLibs="true"
57        android:icon="@mipmap/ic_launcher"
58        android:label="Sales Force" >
59        <meta-data
60            android:name="com.google.android.geo.API_KEY"
61            android:value="AIzaSyBB02hjhg_tEEMhyVOoSZjNL87m6e3pCL4" />
62
63        <activity
64            android:name="com.example.pfe.MainActivity"
65            android:configChanges="orientation|keyboardHidden|keyboard|screenSize|smallestScreenSize|locale|layoutDirection|fontScale|screenLayout|density|uiMode"
66            android:exported="true"
67            android:hardwareAccelerated="true"
68            android:launchMode="singleTop"
69            android:taskAffinity=""
70            android:theme="@style/LaunchTheme"
71            android:windowSoftInputMode="adjustResize" >
72
73            <!--
74                 Specifies an Android theme to apply to this Activity as soon as
75                 the Android process has started. This theme is visible to the user
76                 while the Flutter UI initializes. After that, this theme continues
77                 to determine the Window background behind the Flutter UI.
78            -->
79            <meta-data
80                android:name="io.flutter.embedding.android.NormalTheme"
81                android:resource="@style/NormalTheme" />
82
83            <intent-filter>
84                <action android:name="android.intent.action.MAIN" />
85
86                <category android:name="android.intent.category.LAUNCHER" />
87            </intent-filter>
88        </activity>
89
90        <!--
91             Don't delete the meta-data below.
92             This is used by the Flutter tool to generate GeneratedPluginRegistrant.java
93        -->
94        <meta-data
95            android:name="flutterEmbedding"
96            android:value="2" />
97
98        <service
98-->[:geolocator_android] AndroidManifest.xml:8:9-12:56
99            android:name="com.baseflow.geolocator.GeolocatorLocationService"
99-->[:geolocator_android] AndroidManifest.xml:9:13-77
100            android:enabled="true"
100-->[:geolocator_android] AndroidManifest.xml:10:13-35
101            android:exported="false"
101-->[:geolocator_android] AndroidManifest.xml:11:13-37
102            android:foregroundServiceType="location" />
102-->[:geolocator_android] AndroidManifest.xml:12:13-53
103        <!--
104        Service for holding metadata. Cannot be instantiated.
105        Metadata will be merged from other manifests.
106        -->
107        <service
107-->[androidx.camera:camera-core:1.4.2] AndroidManifest.xml:29:9-33:78
108            android:name="androidx.camera.core.impl.MetadataHolderService"
108-->[androidx.camera:camera-core:1.4.2] AndroidManifest.xml:30:13-75
109            android:enabled="false"
109-->[androidx.camera:camera-core:1.4.2] AndroidManifest.xml:31:13-36
110            android:exported="false" >
110-->[androidx.camera:camera-core:1.4.2] AndroidManifest.xml:32:13-37
111            <meta-data
111-->[androidx.camera:camera-camera2:1.4.2] AndroidManifest.xml:30:13-32:89
112                android:name="androidx.camera.core.impl.MetadataHolderService.DEFAULT_CONFIG_PROVIDER"
112-->[androidx.camera:camera-camera2:1.4.2] AndroidManifest.xml:31:17-103
113                android:value="androidx.camera.camera2.Camera2Config$DefaultProvider" />
113-->[androidx.camera:camera-camera2:1.4.2] AndroidManifest.xml:32:17-86
114        </service>
115
116        <provider
116-->[:image_picker_android] AndroidManifest.xml:9:9-17:20
117            android:name="io.flutter.plugins.imagepicker.ImagePickerFileProvider"
117-->[:image_picker_android] AndroidManifest.xml:10:13-82
118            android:authorities="com.example.pfe.flutter.image_provider"
118-->[:image_picker_android] AndroidManifest.xml:11:13-74
119            android:exported="false"
119-->[:image_picker_android] AndroidManifest.xml:12:13-37
120            android:grantUriPermissions="true" >
120-->[:image_picker_android] AndroidManifest.xml:13:13-47
121            <meta-data
121-->[:image_picker_android] AndroidManifest.xml:14:13-16:75
122                android:name="android.support.FILE_PROVIDER_PATHS"
122-->[:image_picker_android] AndroidManifest.xml:15:17-67
123                android:resource="@xml/flutter_image_picker_file_paths" />
123-->[:image_picker_android] AndroidManifest.xml:16:17-72
124        </provider> <!-- Trigger Google Play services to install the backported photo picker module. -->
125        <service
125-->[:image_picker_android] AndroidManifest.xml:19:9-31:19
126            android:name="com.google.android.gms.metadata.ModuleDependencies"
126-->[:image_picker_android] AndroidManifest.xml:20:13-78
127            android:enabled="false"
127-->[:image_picker_android] AndroidManifest.xml:21:13-36
128            android:exported="false" >
128-->[:image_picker_android] AndroidManifest.xml:22:13-37
129            <intent-filter>
129-->[:image_picker_android] AndroidManifest.xml:24:13-26:29
130                <action android:name="com.google.android.gms.metadata.MODULE_DEPENDENCIES" />
130-->[:image_picker_android] AndroidManifest.xml:25:17-94
130-->[:image_picker_android] AndroidManifest.xml:25:25-91
131            </intent-filter>
132
133            <meta-data
133-->[:image_picker_android] AndroidManifest.xml:28:13-30:36
134                android:name="photopicker_activity:0:required"
134-->[:image_picker_android] AndroidManifest.xml:29:17-63
135                android:value="" />
135-->[:image_picker_android] AndroidManifest.xml:30:17-33
136        </service>
137
138        <provider
138-->[:open_file_android] AndroidManifest.xml:9:9-19:20
139            android:name="com.crazecoder.openfile.FileProvider"
139-->[:open_file_android] AndroidManifest.xml:10:13-64
140            android:authorities="com.example.pfe.fileProvider.com.crazecoder.openfile"
140-->[:open_file_android] AndroidManifest.xml:11:13-88
141            android:exported="false"
141-->[:open_file_android] AndroidManifest.xml:12:13-37
142            android:grantUriPermissions="true"
142-->[:open_file_android] AndroidManifest.xml:13:13-47
143            android:requestLegacyExternalStorage="true" >
143-->[:open_file_android] AndroidManifest.xml:14:13-56
144            <meta-data
144-->[:image_picker_android] AndroidManifest.xml:14:13-16:75
145                android:name="android.support.FILE_PROVIDER_PATHS"
145-->[:image_picker_android] AndroidManifest.xml:15:17-67
146                android:resource="@xml/filepaths" />
146-->[:image_picker_android] AndroidManifest.xml:16:17-72
147        </provider>
148        <provider
148-->[:printing] AndroidManifest.xml:8:9-16:20
149            android:name="net.nfet.flutter.printing.PrintFileProvider"
149-->[:printing] AndroidManifest.xml:9:13-71
150            android:authorities="com.example.pfe.flutter.printing"
150-->[:printing] AndroidManifest.xml:10:13-68
151            android:exported="false"
151-->[:printing] AndroidManifest.xml:11:13-37
152            android:grantUriPermissions="true" >
152-->[:printing] AndroidManifest.xml:12:13-47
153            <meta-data
153-->[:image_picker_android] AndroidManifest.xml:14:13-16:75
154                android:name="android.support.FILE_PROVIDER_PATHS"
154-->[:image_picker_android] AndroidManifest.xml:15:17-67
155                android:resource="@xml/flutter_printing_file_paths" />
155-->[:image_picker_android] AndroidManifest.xml:16:17-72
156        </provider>
157
158        <activity
158-->[:url_launcher_android] AndroidManifest.xml:8:9-11:74
159            android:name="io.flutter.plugins.urllauncher.WebViewActivity"
159-->[:url_launcher_android] AndroidManifest.xml:9:13-74
160            android:exported="false"
160-->[:url_launcher_android] AndroidManifest.xml:10:13-37
161            android:theme="@android:style/Theme.NoTitleBar.Fullscreen" />
161-->[:url_launcher_android] AndroidManifest.xml:11:13-71
162
163        <service
163-->[com.google.android.gms:play-services-mlkit-barcode-scanning:18.3.1] AndroidManifest.xml:9:9-15:19
164            android:name="com.google.mlkit.common.internal.MlKitComponentDiscoveryService"
164-->[com.google.android.gms:play-services-mlkit-barcode-scanning:18.3.1] AndroidManifest.xml:10:13-91
165            android:directBootAware="true"
165-->[com.google.mlkit:common:18.11.0] AndroidManifest.xml:17:13-43
166            android:exported="false" >
166-->[com.google.android.gms:play-services-mlkit-barcode-scanning:18.3.1] AndroidManifest.xml:11:13-37
167            <meta-data
167-->[com.google.android.gms:play-services-mlkit-barcode-scanning:18.3.1] AndroidManifest.xml:12:13-14:85
168                android:name="com.google.firebase.components:com.google.mlkit.vision.barcode.internal.BarcodeRegistrar"
168-->[com.google.android.gms:play-services-mlkit-barcode-scanning:18.3.1] AndroidManifest.xml:13:17-120
169                android:value="com.google.firebase.components.ComponentRegistrar" />
169-->[com.google.android.gms:play-services-mlkit-barcode-scanning:18.3.1] AndroidManifest.xml:14:17-82
170            <meta-data
170-->[com.google.android.gms:play-services-mlkit-text-recognition-common:19.1.0] AndroidManifest.xml:12:13-14:85
171                android:name="com.google.firebase.components:com.google.mlkit.vision.text.internal.TextRegistrar"
171-->[com.google.android.gms:play-services-mlkit-text-recognition-common:19.1.0] AndroidManifest.xml:13:17-114
172                android:value="com.google.firebase.components.ComponentRegistrar" />
172-->[com.google.android.gms:play-services-mlkit-text-recognition-common:19.1.0] AndroidManifest.xml:14:17-82
173            <meta-data
173-->[com.google.mlkit:vision-common:17.3.0] AndroidManifest.xml:12:13-14:85
174                android:name="com.google.firebase.components:com.google.mlkit.vision.common.internal.VisionCommonRegistrar"
174-->[com.google.mlkit:vision-common:17.3.0] AndroidManifest.xml:13:17-124
175                android:value="com.google.firebase.components.ComponentRegistrar" />
175-->[com.google.mlkit:vision-common:17.3.0] AndroidManifest.xml:14:17-82
176            <meta-data
176-->[com.google.mlkit:common:18.11.0] AndroidManifest.xml:20:13-22:85
177                android:name="com.google.firebase.components:com.google.mlkit.common.internal.CommonComponentRegistrar"
177-->[com.google.mlkit:common:18.11.0] AndroidManifest.xml:21:17-120
178                android:value="com.google.firebase.components.ComponentRegistrar" />
178-->[com.google.mlkit:common:18.11.0] AndroidManifest.xml:22:17-82
179        </service>
180
181        <provider
181-->[com.google.mlkit:common:18.11.0] AndroidManifest.xml:9:9-13:38
182            android:name="com.google.mlkit.common.internal.MlKitInitProvider"
182-->[com.google.mlkit:common:18.11.0] AndroidManifest.xml:10:13-78
183            android:authorities="com.example.pfe.mlkitinitprovider"
183-->[com.google.mlkit:common:18.11.0] AndroidManifest.xml:11:13-69
184            android:exported="false"
184-->[com.google.mlkit:common:18.11.0] AndroidManifest.xml:12:13-37
185            android:initOrder="99" /> <!-- Needs to be explicitly declared on P+ -->
185-->[com.google.mlkit:common:18.11.0] AndroidManifest.xml:13:13-35
186        <uses-library
186-->[com.google.android.gms:play-services-maps:18.2.0] AndroidManifest.xml:39:9-41:40
187            android:name="org.apache.http.legacy"
187-->[com.google.android.gms:play-services-maps:18.2.0] AndroidManifest.xml:40:13-50
188            android:required="false" />
188-->[com.google.android.gms:play-services-maps:18.2.0] AndroidManifest.xml:41:13-37
189
190        <activity
190-->[com.google.android.gms:play-services-base:18.5.0] AndroidManifest.xml:5:9-173
191            android:name="com.google.android.gms.common.api.GoogleApiActivity"
191-->[com.google.android.gms:play-services-base:18.5.0] AndroidManifest.xml:5:19-85
192            android:exported="false"
192-->[com.google.android.gms:play-services-base:18.5.0] AndroidManifest.xml:5:146-170
193            android:theme="@android:style/Theme.Translucent.NoTitleBar" />
193-->[com.google.android.gms:play-services-base:18.5.0] AndroidManifest.xml:5:86-145
194
195        <meta-data
195-->[com.google.android.gms:play-services-basement:18.4.0] AndroidManifest.xml:6:9-122
196            android:name="com.google.android.gms.version"
196-->[com.google.android.gms:play-services-basement:18.4.0] AndroidManifest.xml:6:20-65
197            android:value="@integer/google_play_services_version" />
197-->[com.google.android.gms:play-services-basement:18.4.0] AndroidManifest.xml:6:66-119
198
199        <uses-library
199-->[androidx.window:window:1.2.0] AndroidManifest.xml:23:9-25:40
200            android:name="androidx.window.extensions"
200-->[androidx.window:window:1.2.0] AndroidManifest.xml:24:13-54
201            android:required="false" />
201-->[androidx.window:window:1.2.0] AndroidManifest.xml:25:13-37
202        <uses-library
202-->[androidx.window:window:1.2.0] AndroidManifest.xml:26:9-28:40
203            android:name="androidx.window.sidecar"
203-->[androidx.window:window:1.2.0] AndroidManifest.xml:27:13-51
204            android:required="false" />
204-->[androidx.window:window:1.2.0] AndroidManifest.xml:28:13-37
205
206        <provider
206-->[androidx.emoji2:emoji2:1.2.0] AndroidManifest.xml:24:9-32:20
207            android:name="androidx.startup.InitializationProvider"
207-->[androidx.emoji2:emoji2:1.2.0] AndroidManifest.xml:25:13-67
208            android:authorities="com.example.pfe.androidx-startup"
208-->[androidx.emoji2:emoji2:1.2.0] AndroidManifest.xml:26:13-68
209            android:exported="false" >
209-->[androidx.emoji2:emoji2:1.2.0] AndroidManifest.xml:27:13-37
210            <meta-data
210-->[androidx.emoji2:emoji2:1.2.0] AndroidManifest.xml:29:13-31:52
211                android:name="androidx.emoji2.text.EmojiCompatInitializer"
211-->[androidx.emoji2:emoji2:1.2.0] AndroidManifest.xml:30:17-75
212                android:value="androidx.startup" />
212-->[androidx.emoji2:emoji2:1.2.0] AndroidManifest.xml:31:17-49
213            <meta-data
213-->[androidx.lifecycle:lifecycle-process:2.7.0] AndroidManifest.xml:29:13-31:52
214                android:name="androidx.lifecycle.ProcessLifecycleInitializer"
214-->[androidx.lifecycle:lifecycle-process:2.7.0] AndroidManifest.xml:30:17-78
215                android:value="androidx.startup" />
215-->[androidx.lifecycle:lifecycle-process:2.7.0] AndroidManifest.xml:31:17-49
216            <meta-data
216-->[androidx.profileinstaller:profileinstaller:1.3.1] AndroidManifest.xml:29:13-31:52
217                android:name="androidx.profileinstaller.ProfileInstallerInitializer"
217-->[androidx.profileinstaller:profileinstaller:1.3.1] AndroidManifest.xml:30:17-85
218                android:value="androidx.startup" />
218-->[androidx.profileinstaller:profileinstaller:1.3.1] AndroidManifest.xml:31:17-49
219        </provider>
220
221        <receiver
221-->[androidx.profileinstaller:profileinstaller:1.3.1] AndroidManifest.xml:34:9-52:20
222            android:name="androidx.profileinstaller.ProfileInstallReceiver"
222-->[androidx.profileinstaller:profileinstaller:1.3.1] AndroidManifest.xml:35:13-76
223            android:directBootAware="false"
223-->[androidx.profileinstaller:profileinstaller:1.3.1] AndroidManifest.xml:36:13-44
224            android:enabled="true"
224-->[androidx.profileinstaller:profileinstaller:1.3.1] AndroidManifest.xml:37:13-35
225            android:exported="true"
225-->[androidx.profileinstaller:profileinstaller:1.3.1] AndroidManifest.xml:38:13-36
226            android:permission="android.permission.DUMP" >
226-->[androidx.profileinstaller:profileinstaller:1.3.1] AndroidManifest.xml:39:13-57
227            <intent-filter>
227-->[androidx.profileinstaller:profileinstaller:1.3.1] AndroidManifest.xml:40:13-42:29
228                <action android:name="androidx.profileinstaller.action.INSTALL_PROFILE" />
228-->[androidx.profileinstaller:profileinstaller:1.3.1] AndroidManifest.xml:41:17-91
228-->[androidx.profileinstaller:profileinstaller:1.3.1] AndroidManifest.xml:41:25-88
229            </intent-filter>
230            <intent-filter>
230-->[androidx.profileinstaller:profileinstaller:1.3.1] AndroidManifest.xml:43:13-45:29
231                <action android:name="androidx.profileinstaller.action.SKIP_FILE" />
231-->[androidx.profileinstaller:profileinstaller:1.3.1] AndroidManifest.xml:44:17-85
231-->[androidx.profileinstaller:profileinstaller:1.3.1] AndroidManifest.xml:44:25-82
232            </intent-filter>
233            <intent-filter>
233-->[androidx.profileinstaller:profileinstaller:1.3.1] AndroidManifest.xml:46:13-48:29
234                <action android:name="androidx.profileinstaller.action.SAVE_PROFILE" />
234-->[androidx.profileinstaller:profileinstaller:1.3.1] AndroidManifest.xml:47:17-88
234-->[androidx.profileinstaller:profileinstaller:1.3.1] AndroidManifest.xml:47:25-85
235            </intent-filter>
236            <intent-filter>
236-->[androidx.profileinstaller:profileinstaller:1.3.1] AndroidManifest.xml:49:13-51:29
237                <action android:name="androidx.profileinstaller.action.BENCHMARK_OPERATION" />
237-->[androidx.profileinstaller:profileinstaller:1.3.1] AndroidManifest.xml:50:17-95
237-->[androidx.profileinstaller:profileinstaller:1.3.1] AndroidManifest.xml:50:25-92
238            </intent-filter>
239        </receiver>
240
241        <service
241-->[com.google.android.datatransport:transport-backend-cct:2.3.3] AndroidManifest.xml:29:9-35:19
242            android:name="com.google.android.datatransport.runtime.backends.TransportBackendDiscovery"
242-->[com.google.android.datatransport:transport-backend-cct:2.3.3] AndroidManifest.xml:30:13-103
243            android:exported="false" >
243-->[com.google.android.datatransport:transport-backend-cct:2.3.3] AndroidManifest.xml:31:13-37
244            <meta-data
244-->[com.google.android.datatransport:transport-backend-cct:2.3.3] AndroidManifest.xml:32:13-34:39
245                android:name="backend:com.google.android.datatransport.cct.CctBackendFactory"
245-->[com.google.android.datatransport:transport-backend-cct:2.3.3] AndroidManifest.xml:33:17-94
246                android:value="cct" />
246-->[com.google.android.datatransport:transport-backend-cct:2.3.3] AndroidManifest.xml:34:17-36
247        </service>
248        <service
248-->[com.google.android.datatransport:transport-runtime:2.2.6] AndroidManifest.xml:26:9-30:19
249            android:name="com.google.android.datatransport.runtime.scheduling.jobscheduling.JobInfoSchedulerService"
249-->[com.google.android.datatransport:transport-runtime:2.2.6] AndroidManifest.xml:27:13-117
250            android:exported="false"
250-->[com.google.android.datatransport:transport-runtime:2.2.6] AndroidManifest.xml:28:13-37
251            android:permission="android.permission.BIND_JOB_SERVICE" >
251-->[com.google.android.datatransport:transport-runtime:2.2.6] AndroidManifest.xml:29:13-69
252        </service>
253
254        <receiver
254-->[com.google.android.datatransport:transport-runtime:2.2.6] AndroidManifest.xml:32:9-34:40
255            android:name="com.google.android.datatransport.runtime.scheduling.jobscheduling.AlarmManagerSchedulerBroadcastReceiver"
255-->[com.google.android.datatransport:transport-runtime:2.2.6] AndroidManifest.xml:33:13-132
256            android:exported="false" />
256-->[com.google.android.datatransport:transport-runtime:2.2.6] AndroidManifest.xml:34:13-37
257    </application>
258
259</manifest>